<?xml version="1.0" encoding="UTF-8"?>
<testng-results ignored="0" total="1" passed="1" failed="0" skipped="0">
  <reporter-output>
  </reporter-output>
  <suite started-at="2021-01-28T14:51:32 IST" name="Default suite" finished-at="2021-01-28T14:51:32 IST" duration-ms="118">
    <groups>
    </groups>
    <test started-at="2021-01-28T14:51:32 IST" name="Default test" finished-at="2021-01-28T14:51:32 IST" duration-ms="118">
      <class name="debuggingExamples.Test0">
        <test-method signature="test()[pri:0, instance:debuggingExamples.Test0@6e509ffa]" started-at="2021-01-28T14:51:32 IST" name="test" finished-at="2021-01-28T14:51:32 IST" duration-ms="48" status="PASS">
          <reporter-output>
          </reporter-output>
        </test-method> <!-- test -->
      </class> <!-- debuggingExamples.Test0 -->
    </test> <!-- Default test -->
  </suite> <!-- Default suite -->
</testng-results>
